{"D:\\webprojects\\nodeJS-courses\\task-manager\\src\\app.js": {"path":"D:\\webprojects\\nodeJS-courses\\task-manager\\src\\app.js","statementMap":{"0":{"start":{"line":1,"column":16},"end":{"line":1,"column":34}},"1":{"start":{"line":2,"column":0},"end":{"line":2,"column":24}},"2":{"start":{"line":3,"column":19},"end":{"line":3,"column":44}},"3":{"start":{"line":4,"column":19},"end":{"line":4,"column":44}},"4":{"start":{"line":6,"column":12},"end":{"line":6,"column":21}},"5":{"start":{"line":8,"column":0},"end":{"line":8,"column":23}},"6":{"start":{"line":9,"column":0},"end":{"line":9,"column":19}},"7":{"start":{"line":10,"column":0},"end":{"line":10,"column":19}},"8":{"start":{"line":12,"column":0},"end":{"line":12,"column":21}}},"fnMap":{},"branchMap":{},"s":{"0":2,"1":2,"2":2,"3":2,"4":2,"5":2,"6":2,"7":2,"8":2},"f":{},"b":{},"_coverageSchema":"1a1c01bbd47fc00a2c39e90264f33305004495a9","hash":"e2699057ebb54b16009372a3bafe4253eee51fb9"}
,"D:\\webprojects\\nodeJS-courses\\task-manager\\src\\db\\mongoose.js": {"path":"D:\\webprojects\\nodeJS-courses\\task-manager\\src\\db\\mongoose.js","statementMap":{"0":{"start":{"line":1,"column":17},"end":{"line":1,"column":36}},"1":{"start":{"line":3,"column":0},"end":{"line":7,"column":3}}},"fnMap":{},"branchMap":{},"s":{"0":2,"1":2},"f":{},"b":{},"_coverageSchema":"1a1c01bbd47fc00a2c39e90264f33305004495a9","hash":"5bd150a0ab43c386fe47eac9573c3d97dbb83a36"}
,"D:\\webprojects\\nodeJS-courses\\task-manager\\src\\emails\\account.js": {"path":"D:\\webprojects\\nodeJS-courses\\task-manager\\src\\emails\\account.js","statementMap":{"0":{"start":{"line":2,"column":15},"end":{"line":2,"column":40}},"1":{"start":{"line":4,"column":0},"end":{"line":4,"column":47}},"2":{"start":{"line":6,"column":25},"end":{"line":13,"column":1}},"3":{"start":{"line":7,"column":2},"end":{"line":12,"column":4}},"4":{"start":{"line":15,"column":24},"end":{"line":22,"column":1}},"5":{"start":{"line":16,"column":2},"end":{"line":21,"column":4}},"6":{"start":{"line":24,"column":0},"end":{"line":27,"column":1}}},"fnMap":{"0":{"name":"(anonymous_0)","decl":{"start":{"line":6,"column":25},"end":{"line":6,"column":26}},"loc":{"start":{"line":6,"column":42},"end":{"line":13,"column":1}},"line":6},"1":{"name":"(anonymous_1)","decl":{"start":{"line":15,"column":24},"end":{"line":15,"column":25}},"loc":{"start":{"line":15,"column":41},"end":{"line":22,"column":1}},"line":15}},"branchMap":{},"s":{"0":2,"1":2,"2":2,"3":1,"4":2,"5":1,"6":2},"f":{"0":1,"1":1},"b":{},"_coverageSchema":"1a1c01bbd47fc00a2c39e90264f33305004495a9","hash":"0f3fad8acf5dd6e767eca3bc68146b562a8e2624"}
,"D:\\webprojects\\nodeJS-courses\\task-manager\\src\\middleware\\auth.js": {"path":"D:\\webprojects\\nodeJS-courses\\task-manager\\src\\middleware\\auth.js","statementMap":{"0":{"start":{"line":1,"column":12},"end":{"line":1,"column":35}},"1":{"start":{"line":2,"column":13},"end":{"line":2,"column":38}},"2":{"start":{"line":4,"column":13},"end":{"line":20,"column":1}},"3":{"start":{"line":5,"column":4},"end":{"line":19,"column":5}},"4":{"start":{"line":6,"column":22},"end":{"line":6,"column":72}},"5":{"start":{"line":7,"column":24},"end":{"line":7,"column":65}},"6":{"start":{"line":8,"column":21},"end":{"line":8,"column":84}},"7":{"start":{"line":10,"column":8},"end":{"line":12,"column":9}},"8":{"start":{"line":11,"column":12},"end":{"line":11,"column":29}},"9":{"start":{"line":14,"column":8},"end":{"line":14,"column":25}},"10":{"start":{"line":15,"column":8},"end":{"line":15,"column":23}},"11":{"start":{"line":16,"column":8},"end":{"line":16,"column":14}},"12":{"start":{"line":18,"column":8},"end":{"line":18,"column":63}},"13":{"start":{"line":22,"column":0},"end":{"line":22,"column":21}}},"fnMap":{"0":{"name":"(anonymous_0)","decl":{"start":{"line":4,"column":13},"end":{"line":4,"column":14}},"loc":{"start":{"line":4,"column":39},"end":{"line":20,"column":1}},"line":4}},"branchMap":{"0":{"loc":{"start":{"line":10,"column":8},"end":{"line":12,"column":9}},"type":"if","locations":[{"start":{"line":10,"column":8},"end":{"line":12,"column":9}},{"start":{"line":10,"column":8},"end":{"line":12,"column":9}}],"line":10}},"s":{"0":2,"1":2,"2":2,"3":10,"4":10,"5":8,"6":8,"7":8,"8":0,"9":8,"10":8,"11":8,"12":2,"13":2},"f":{"0":10},"b":{"0":[0,8]},"_coverageSchema":"1a1c01bbd47fc00a2c39e90264f33305004495a9","hash":"5a7a737af3e962aced20e1e2ce79bc23116f7e7a"}
,"D:\\webprojects\\nodeJS-courses\\task-manager\\src\\models\\task.js": {"path":"D:\\webprojects\\nodeJS-courses\\task-manager\\src\\models\\task.js","statementMap":{"0":{"start":{"line":1,"column":17},"end":{"line":1,"column":36}},"1":{"start":{"line":3,"column":19},"end":{"line":20,"column":2}},"2":{"start":{"line":22,"column":13},"end":{"line":22,"column":47}},"3":{"start":{"line":24,"column":0},"end":{"line":24,"column":21}}},"fnMap":{},"branchMap":{},"s":{"0":2,"1":2,"2":2,"3":2},"f":{},"b":{},"_coverageSchema":"1a1c01bbd47fc00a2c39e90264f33305004495a9","hash":"3e8d8f6625104cec30453acb1bf26fa6e6f52bf9"}
,"D:\\webprojects\\nodeJS-courses\\task-manager\\src\\models\\user.js": {"path":"D:\\webprojects\\nodeJS-courses\\task-manager\\src\\models\\user.js","statementMap":{"0":{"start":{"line":1,"column":17},"end":{"line":1,"column":36}},"1":{"start":{"line":2,"column":18},"end":{"line":2,"column":38}},"2":{"start":{"line":3,"column":15},"end":{"line":3,"column":34}},"3":{"start":{"line":4,"column":12},"end":{"line":4,"column":35}},"4":{"start":{"line":5,"column":13},"end":{"line":5,"column":30}},"5":{"start":{"line":7,"column":19},"end":{"line":56,"column":2}},"6":{"start":{"line":20,"column":12},"end":{"line":22,"column":13}},"7":{"start":{"line":21,"column":16},"end":{"line":21,"column":51}},"8":{"start":{"line":31,"column":12},"end":{"line":33,"column":13}},"9":{"start":{"line":32,"column":16},"end":{"line":32,"column":69}},"10":{"start":{"line":40,"column":12},"end":{"line":42,"column":13}},"11":{"start":{"line":41,"column":16},"end":{"line":41,"column":63}},"12":{"start":{"line":58,"column":0},"end":{"line":62,"column":2}},"13":{"start":{"line":64,"column":0},"end":{"line":73,"column":1}},"14":{"start":{"line":65,"column":17},"end":{"line":65,"column":21}},"15":{"start":{"line":66,"column":23},"end":{"line":66,"column":38}},"16":{"start":{"line":68,"column":4},"end":{"line":68,"column":30}},"17":{"start":{"line":69,"column":4},"end":{"line":69,"column":28}},"18":{"start":{"line":70,"column":4},"end":{"line":70,"column":28}},"19":{"start":{"line":72,"column":4},"end":{"line":72,"column":21}},"20":{"start":{"line":75,"column":0},"end":{"line":83,"column":1}},"21":{"start":{"line":76,"column":17},"end":{"line":76,"column":21}},"22":{"start":{"line":77,"column":18},"end":{"line":77,"column":80}},"23":{"start":{"line":79,"column":4},"end":{"line":79,"column":47}},"24":{"start":{"line":80,"column":4},"end":{"line":80,"column":21}},"25":{"start":{"line":82,"column":4},"end":{"line":82,"column":16}},"26":{"start":{"line":85,"column":0},"end":{"line":99,"column":1}},"27":{"start":{"line":86,"column":17},"end":{"line":86,"column":46}},"28":{"start":{"line":88,"column":4},"end":{"line":90,"column":5}},"29":{"start":{"line":89,"column":8},"end":{"line":89,"column":42}},"30":{"start":{"line":92,"column":20},"end":{"line":92,"column":65}},"31":{"start":{"line":94,"column":4},"end":{"line":96,"column":5}},"32":{"start":{"line":95,"column":8},"end":{"line":95,"column":42}},"33":{"start":{"line":98,"column":4},"end":{"line":98,"column":15}},"34":{"start":{"line":102,"column":0},"end":{"line":110,"column":2}},"35":{"start":{"line":103,"column":17},"end":{"line":103,"column":21}},"36":{"start":{"line":105,"column":4},"end":{"line":107,"column":5}},"37":{"start":{"line":106,"column":8},"end":{"line":106,"column":59}},"38":{"start":{"line":109,"column":4},"end":{"line":109,"column":10}},"39":{"start":{"line":113,"column":0},"end":{"line":117,"column":2}},"40":{"start":{"line":114,"column":17},"end":{"line":114,"column":21}},"41":{"start":{"line":115,"column":4},"end":{"line":115,"column":46}},"42":{"start":{"line":116,"column":4},"end":{"line":116,"column":10}},"43":{"start":{"line":119,"column":13},"end":{"line":119,"column":47}},"44":{"start":{"line":121,"column":0},"end":{"line":121,"column":21}}},"fnMap":{"0":{"name":"(anonymous_0)","decl":{"start":{"line":19,"column":8},"end":{"line":19,"column":9}},"loc":{"start":{"line":19,"column":24},"end":{"line":23,"column":9}},"line":19},"1":{"name":"(anonymous_1)","decl":{"start":{"line":30,"column":8},"end":{"line":30,"column":9}},"loc":{"start":{"line":30,"column":24},"end":{"line":34,"column":9}},"line":30},"2":{"name":"(anonymous_2)","decl":{"start":{"line":39,"column":8},"end":{"line":39,"column":9}},"loc":{"start":{"line":39,"column":24},"end":{"line":43,"column":9}},"line":39},"3":{"name":"(anonymous_3)","decl":{"start":{"line":64,"column":28},"end":{"line":64,"column":29}},"loc":{"start":{"line":64,"column":40},"end":{"line":73,"column":1}},"line":64},"4":{"name":"(anonymous_4)","decl":{"start":{"line":75,"column":39},"end":{"line":75,"column":40}},"loc":{"start":{"line":75,"column":57},"end":{"line":83,"column":1}},"line":75},"5":{"name":"(anonymous_5)","decl":{"start":{"line":85,"column":39},"end":{"line":85,"column":40}},"loc":{"start":{"line":85,"column":66},"end":{"line":99,"column":1}},"line":85},"6":{"name":"(anonymous_6)","decl":{"start":{"line":102,"column":23},"end":{"line":102,"column":24}},"loc":{"start":{"line":102,"column":45},"end":{"line":110,"column":1}},"line":102},"7":{"name":"(anonymous_7)","decl":{"start":{"line":113,"column":25},"end":{"line":113,"column":26}},"loc":{"start":{"line":113,"column":47},"end":{"line":117,"column":1}},"line":113}},"branchMap":{"0":{"loc":{"start":{"line":20,"column":12},"end":{"line":22,"column":13}},"type":"if","locations":[{"start":{"line":20,"column":12},"end":{"line":22,"column":13}},{"start":{"line":20,"column":12},"end":{"line":22,"column":13}}],"line":20},"1":{"loc":{"start":{"line":31,"column":12},"end":{"line":33,"column":13}},"type":"if","locations":[{"start":{"line":31,"column":12},"end":{"line":33,"column":13}},{"start":{"line":31,"column":12},"end":{"line":33,"column":13}}],"line":31},"2":{"loc":{"start":{"line":40,"column":12},"end":{"line":42,"column":13}},"type":"if","locations":[{"start":{"line":40,"column":12},"end":{"line":42,"column":13}},{"start":{"line":40,"column":12},"end":{"line":42,"column":13}}],"line":40},"3":{"loc":{"start":{"line":88,"column":4},"end":{"line":90,"column":5}},"type":"if","locations":[{"start":{"line":88,"column":4},"end":{"line":90,"column":5}},{"start":{"line":88,"column":4},"end":{"line":90,"column":5}}],"line":88},"4":{"loc":{"start":{"line":94,"column":4},"end":{"line":96,"column":5}},"type":"if","locations":[{"start":{"line":94,"column":4},"end":{"line":96,"column":5}},{"start":{"line":94,"column":4},"end":{"line":96,"column":5}}],"line":94},"5":{"loc":{"start":{"line":105,"column":4},"end":{"line":107,"column":5}},"type":"if","locations":[{"start":{"line":105,"column":4},"end":{"line":107,"column":5}},{"start":{"line":105,"column":4},"end":{"line":107,"column":5}}],"line":105}},"s":{"0":2,"1":2,"2":2,"3":2,"4":2,"5":2,"6":31,"7":0,"8":31,"9":0,"10":30,"11":0,"12":2,"13":2,"14":5,"15":5,"16":5,"17":5,"18":5,"19":5,"20":2,"21":2,"22":2,"23":2,"24":2,"25":2,"26":2,"27":2,"28":2,"29":1,"30":1,"31":1,"32":0,"33":1,"34":2,"35":31,"36":31,"37":27,"38":31,"39":2,"40":1,"41":1,"42":1,"43":2,"44":2},"f":{"0":31,"1":31,"2":30,"3":5,"4":2,"5":2,"6":31,"7":1},"b":{"0":[0,31],"1":[0,31],"2":[0,30],"3":[1,1],"4":[0,1],"5":[27,4]},"_coverageSchema":"1a1c01bbd47fc00a2c39e90264f33305004495a9","hash":"e207ab7585bc8d8c62069e93f23707658c0105d7"}
,"D:\\webprojects\\nodeJS-courses\\task-manager\\src\\routers\\task.js": {"path":"D:\\webprojects\\nodeJS-courses\\task-manager\\src\\routers\\task.js","statementMap":{"0":{"start":{"line":1,"column":16},"end":{"line":1,"column":34}},"1":{"start":{"line":2,"column":13},"end":{"line":2,"column":38}},"2":{"start":{"line":3,"column":13},"end":{"line":3,"column":42}},"3":{"start":{"line":4,"column":15},"end":{"line":4,"column":35}},"4":{"start":{"line":6,"column":0},"end":{"line":18,"column":2}},"5":{"start":{"line":7,"column":17},"end":{"line":10,"column":6}},"6":{"start":{"line":12,"column":4},"end":{"line":17,"column":5}},"7":{"start":{"line":13,"column":8},"end":{"line":13,"column":25}},"8":{"start":{"line":14,"column":8},"end":{"line":14,"column":34}},"9":{"start":{"line":16,"column":8},"end":{"line":16,"column":31}},"10":{"start":{"line":23,"column":0},"end":{"line":50,"column":2}},"11":{"start":{"line":24,"column":18},"end":{"line":24,"column":20}},"12":{"start":{"line":25,"column":17},"end":{"line":25,"column":19}},"13":{"start":{"line":27,"column":4},"end":{"line":29,"column":5}},"14":{"start":{"line":28,"column":8},"end":{"line":28,"column":56}},"15":{"start":{"line":31,"column":4},"end":{"line":34,"column":5}},"16":{"start":{"line":32,"column":22},"end":{"line":32,"column":49}},"17":{"start":{"line":33,"column":8},"end":{"line":33,"column":53}},"18":{"start":{"line":36,"column":4},"end":{"line":49,"column":5}},"19":{"start":{"line":37,"column":8},"end":{"line":45,"column":25}},"20":{"start":{"line":46,"column":8},"end":{"line":46,"column":32}},"21":{"start":{"line":48,"column":8},"end":{"line":48,"column":30}},"22":{"start":{"line":52,"column":0},"end":{"line":66,"column":2}},"23":{"start":{"line":53,"column":16},"end":{"line":53,"column":29}},"24":{"start":{"line":55,"column":4},"end":{"line":65,"column":5}},"25":{"start":{"line":56,"column":21},"end":{"line":56,"column":69}},"26":{"start":{"line":58,"column":8},"end":{"line":60,"column":9}},"27":{"start":{"line":59,"column":12},"end":{"line":59,"column":41}},"28":{"start":{"line":62,"column":8},"end":{"line":62,"column":22}},"29":{"start":{"line":64,"column":8},"end":{"line":64,"column":30}},"30":{"start":{"line":68,"column":0},"end":{"line":90,"column":2}},"31":{"start":{"line":69,"column":20},"end":{"line":69,"column":41}},"32":{"start":{"line":70,"column":27},"end":{"line":70,"column":55}},"33":{"start":{"line":71,"column":29},"end":{"line":71,"column":87}},"34":{"start":{"line":71,"column":55},"end":{"line":71,"column":86}},"35":{"start":{"line":73,"column":4},"end":{"line":75,"column":5}},"36":{"start":{"line":74,"column":8},"end":{"line":74,"column":66}},"37":{"start":{"line":77,"column":4},"end":{"line":89,"column":5}},"38":{"start":{"line":78,"column":21},"end":{"line":78,"column":83}},"39":{"start":{"line":80,"column":8},"end":{"line":82,"column":9}},"40":{"start":{"line":81,"column":12},"end":{"line":81,"column":41}},"41":{"start":{"line":84,"column":8},"end":{"line":84,"column":68}},"42":{"start":{"line":84,"column":36},"end":{"line":84,"column":67}},"43":{"start":{"line":85,"column":8},"end":{"line":85,"column":25}},"44":{"start":{"line":86,"column":8},"end":{"line":86,"column":22}},"45":{"start":{"line":88,"column":8},"end":{"line":88,"column":31}},"46":{"start":{"line":92,"column":0},"end":{"line":104,"column":2}},"47":{"start":{"line":93,"column":4},"end":{"line":103,"column":5}},"48":{"start":{"line":94,"column":21},"end":{"line":94,"column":93}},"49":{"start":{"line":96,"column":8},"end":{"line":98,"column":9}},"50":{"start":{"line":97,"column":12},"end":{"line":97,"column":34}},"51":{"start":{"line":100,"column":8},"end":{"line":100,"column":22}},"52":{"start":{"line":102,"column":8},"end":{"line":102,"column":30}},"53":{"start":{"line":106,"column":0},"end":{"line":106,"column":23}}},"fnMap":{"0":{"name":"(anonymous_0)","decl":{"start":{"line":6,"column":28},"end":{"line":6,"column":29}},"loc":{"start":{"line":6,"column":48},"end":{"line":18,"column":1}},"line":6},"1":{"name":"(anonymous_1)","decl":{"start":{"line":23,"column":27},"end":{"line":23,"column":28}},"loc":{"start":{"line":23,"column":47},"end":{"line":50,"column":1}},"line":23},"2":{"name":"(anonymous_2)","decl":{"start":{"line":52,"column":31},"end":{"line":52,"column":32}},"loc":{"start":{"line":52,"column":51},"end":{"line":66,"column":1}},"line":52},"3":{"name":"(anonymous_3)","decl":{"start":{"line":68,"column":33},"end":{"line":68,"column":34}},"loc":{"start":{"line":68,"column":53},"end":{"line":90,"column":1}},"line":68},"4":{"name":"(anonymous_4)","decl":{"start":{"line":71,"column":43},"end":{"line":71,"column":44}},"loc":{"start":{"line":71,"column":55},"end":{"line":71,"column":86}},"line":71},"5":{"name":"(anonymous_5)","decl":{"start":{"line":84,"column":24},"end":{"line":84,"column":25}},"loc":{"start":{"line":84,"column":36},"end":{"line":84,"column":67}},"line":84},"6":{"name":"(anonymous_6)","decl":{"start":{"line":92,"column":34},"end":{"line":92,"column":35}},"loc":{"start":{"line":92,"column":54},"end":{"line":104,"column":1}},"line":92}},"branchMap":{"0":{"loc":{"start":{"line":27,"column":4},"end":{"line":29,"column":5}},"type":"if","locations":[{"start":{"line":27,"column":4},"end":{"line":29,"column":5}},{"start":{"line":27,"column":4},"end":{"line":29,"column":5}}],"line":27},"1":{"loc":{"start":{"line":31,"column":4},"end":{"line":34,"column":5}},"type":"if","locations":[{"start":{"line":31,"column":4},"end":{"line":34,"column":5}},{"start":{"line":31,"column":4},"end":{"line":34,"column":5}}],"line":31},"2":{"loc":{"start":{"line":33,"column":25},"end":{"line":33,"column":53}},"type":"cond-expr","locations":[{"start":{"line":33,"column":47},"end":{"line":33,"column":49}},{"start":{"line":33,"column":52},"end":{"line":33,"column":53}}],"line":33},"3":{"loc":{"start":{"line":58,"column":8},"end":{"line":60,"column":9}},"type":"if","locations":[{"start":{"line":58,"column":8},"end":{"line":60,"column":9}},{"start":{"line":58,"column":8},"end":{"line":60,"column":9}}],"line":58},"4":{"loc":{"start":{"line":73,"column":4},"end":{"line":75,"column":5}},"type":"if","locations":[{"start":{"line":73,"column":4},"end":{"line":75,"column":5}},{"start":{"line":73,"column":4},"end":{"line":75,"column":5}}],"line":73},"5":{"loc":{"start":{"line":80,"column":8},"end":{"line":82,"column":9}},"type":"if","locations":[{"start":{"line":80,"column":8},"end":{"line":82,"column":9}},{"start":{"line":80,"column":8},"end":{"line":82,"column":9}}],"line":80},"6":{"loc":{"start":{"line":96,"column":8},"end":{"line":98,"column":9}},"type":"if","locations":[{"start":{"line":96,"column":8},"end":{"line":98,"column":9}},{"start":{"line":96,"column":8},"end":{"line":98,"column":9}}],"line":96}},"s":{"0":2,"1":2,"2":2,"3":2,"4":2,"5":1,"6":1,"7":1,"8":1,"9":0,"10":2,"11":1,"12":1,"13":1,"14":0,"15":1,"16":0,"17":0,"18":1,"19":1,"20":1,"21":0,"22":2,"23":0,"24":0,"25":0,"26":0,"27":0,"28":0,"29":0,"30":2,"31":0,"32":0,"33":0,"34":0,"35":0,"36":0,"37":0,"38":0,"39":0,"40":0,"41":0,"42":0,"43":0,"44":0,"45":0,"46":2,"47":1,"48":1,"49":1,"50":1,"51":1,"52":1,"53":2},"f":{"0":1,"1":1,"2":0,"3":0,"4":0,"5":0,"6":1},"b":{"0":[0,1],"1":[0,1],"2":[0,0],"3":[0,0],"4":[0,0],"5":[0,0],"6":[1,0]},"_coverageSchema":"1a1c01bbd47fc00a2c39e90264f33305004495a9","hash":"fb14a9693104267cab51a12bb6ad920839651787"}
,"D:\\webprojects\\nodeJS-courses\\task-manager\\src\\routers\\user.js": {"path":"D:\\webprojects\\nodeJS-courses\\task-manager\\src\\routers\\user.js","statementMap":{"0":{"start":{"line":1,"column":16},"end":{"line":1,"column":34}},"1":{"start":{"line":2,"column":15},"end":{"line":2,"column":32}},"2":{"start":{"line":3,"column":14},"end":{"line":3,"column":30}},"3":{"start":{"line":4,"column":13},"end":{"line":4,"column":38}},"4":{"start":{"line":5,"column":13},"end":{"line":5,"column":42}},"5":{"start":{"line":6,"column":15},"end":{"line":6,"column":35}},"6":{"start":{"line":7,"column":46},"end":{"line":7,"column":77}},"7":{"start":{"line":9,"column":0},"end":{"line":21,"column":3}},"8":{"start":{"line":10,"column":15},"end":{"line":10,"column":33}},"9":{"start":{"line":11,"column":2},"end":{"line":20,"column":3}},"10":{"start":{"line":12,"column":4},"end":{"line":12,"column":22}},"11":{"start":{"line":14,"column":4},"end":{"line":14,"column":44}},"12":{"start":{"line":16,"column":18},"end":{"line":16,"column":48}},"13":{"start":{"line":17,"column":4},"end":{"line":17,"column":42}},"14":{"start":{"line":19,"column":4},"end":{"line":19,"column":28}},"15":{"start":{"line":23,"column":0},"end":{"line":31,"column":3}},"16":{"start":{"line":24,"column":2},"end":{"line":30,"column":3}},"17":{"start":{"line":25,"column":17},"end":{"line":25,"column":80}},"18":{"start":{"line":26,"column":18},"end":{"line":26,"column":48}},"19":{"start":{"line":27,"column":4},"end":{"line":27,"column":30}},"20":{"start":{"line":29,"column":4},"end":{"line":29,"column":27}},"21":{"start":{"line":33,"column":0},"end":{"line":44,"column":3}},"22":{"start":{"line":34,"column":2},"end":{"line":43,"column":3}},"23":{"start":{"line":35,"column":4},"end":{"line":37,"column":7}},"24":{"start":{"line":36,"column":6},"end":{"line":36,"column":39}},"25":{"start":{"line":38,"column":4},"end":{"line":38,"column":26}},"26":{"start":{"line":40,"column":4},"end":{"line":40,"column":15}},"27":{"start":{"line":42,"column":4},"end":{"line":42,"column":27}},"28":{"start":{"line":46,"column":0},"end":{"line":54,"column":3}},"29":{"start":{"line":47,"column":2},"end":{"line":53,"column":3}},"30":{"start":{"line":48,"column":4},"end":{"line":48,"column":25}},"31":{"start":{"line":49,"column":4},"end":{"line":49,"column":26}},"32":{"start":{"line":50,"column":4},"end":{"line":50,"column":15}},"33":{"start":{"line":52,"column":4},"end":{"line":52,"column":27}},"34":{"start":{"line":56,"column":0},"end":{"line":58,"column":3}},"35":{"start":{"line":57,"column":2},"end":{"line":57,"column":21}},"36":{"start":{"line":60,"column":0},"end":{"line":76,"column":3}},"37":{"start":{"line":61,"column":18},"end":{"line":61,"column":39}},"38":{"start":{"line":62,"column":25},"end":{"line":62,"column":61}},"39":{"start":{"line":63,"column":27},"end":{"line":63,"column":83}},"40":{"start":{"line":63,"column":51},"end":{"line":63,"column":82}},"41":{"start":{"line":65,"column":2},"end":{"line":67,"column":3}},"42":{"start":{"line":66,"column":4},"end":{"line":66,"column":63}},"43":{"start":{"line":69,"column":2},"end":{"line":75,"column":3}},"44":{"start":{"line":70,"column":4},"end":{"line":70,"column":69}},"45":{"start":{"line":70,"column":31},"end":{"line":70,"column":66}},"46":{"start":{"line":71,"column":4},"end":{"line":71,"column":26}},"47":{"start":{"line":72,"column":4},"end":{"line":72,"column":23}},"48":{"start":{"line":74,"column":4},"end":{"line":74,"column":28}},"49":{"start":{"line":78,"column":0},"end":{"line":87,"column":3}},"50":{"start":{"line":79,"column":2},"end":{"line":86,"column":3}},"51":{"start":{"line":80,"column":4},"end":{"line":80,"column":28}},"52":{"start":{"line":81,"column":4},"end":{"line":81,"column":51}},"53":{"start":{"line":83,"column":4},"end":{"line":83,"column":23}},"54":{"start":{"line":85,"column":4},"end":{"line":85,"column":27}},"55":{"start":{"line":89,"column":15},"end":{"line":100,"column":2}},"56":{"start":{"line":94,"column":4},"end":{"line":96,"column":5}},"57":{"start":{"line":95,"column":6},"end":{"line":95,"column":53}},"58":{"start":{"line":98,"column":4},"end":{"line":98,"column":24}},"59":{"start":{"line":102,"column":0},"end":{"line":116,"column":2}},"60":{"start":{"line":107,"column":19},"end":{"line":107,"column":100}},"61":{"start":{"line":108,"column":4},"end":{"line":108,"column":29}},"62":{"start":{"line":109,"column":4},"end":{"line":109,"column":26}},"63":{"start":{"line":110,"column":4},"end":{"line":110,"column":24}},"64":{"start":{"line":111,"column":4},"end":{"line":111,"column":15}},"65":{"start":{"line":114,"column":4},"end":{"line":114,"column":51}},"66":{"start":{"line":118,"column":0},"end":{"line":122,"column":3}},"67":{"start":{"line":119,"column":2},"end":{"line":119,"column":30}},"68":{"start":{"line":120,"column":2},"end":{"line":120,"column":24}},"69":{"start":{"line":121,"column":2},"end":{"line":121,"column":13}},"70":{"start":{"line":124,"column":0},"end":{"line":137,"column":3}},"71":{"start":{"line":125,"column":2},"end":{"line":136,"column":3}},"72":{"start":{"line":126,"column":17},"end":{"line":126,"column":51}},"73":{"start":{"line":128,"column":4},"end":{"line":130,"column":5}},"74":{"start":{"line":129,"column":6},"end":{"line":129,"column":24}},"75":{"start":{"line":132,"column":4},"end":{"line":132,"column":41}},"76":{"start":{"line":133,"column":4},"end":{"line":133,"column":26}},"77":{"start":{"line":135,"column":4},"end":{"line":135,"column":27}},"78":{"start":{"line":139,"column":0},"end":{"line":139,"column":24}}},"fnMap":{"0":{"name":"(anonymous_0)","decl":{"start":{"line":9,"column":22},"end":{"line":9,"column":23}},"loc":{"start":{"line":9,"column":42},"end":{"line":21,"column":1}},"line":9},"1":{"name":"(anonymous_1)","decl":{"start":{"line":23,"column":28},"end":{"line":23,"column":29}},"loc":{"start":{"line":23,"column":48},"end":{"line":31,"column":1}},"line":23},"2":{"name":"(anonymous_2)","decl":{"start":{"line":33,"column":35},"end":{"line":33,"column":36}},"loc":{"start":{"line":33,"column":55},"end":{"line":44,"column":1}},"line":33},"3":{"name":"(anonymous_3)","decl":{"start":{"line":35,"column":45},"end":{"line":35,"column":46}},"loc":{"start":{"line":35,"column":54},"end":{"line":37,"column":5}},"line":35},"4":{"name":"(anonymous_4)","decl":{"start":{"line":46,"column":38},"end":{"line":46,"column":39}},"loc":{"start":{"line":46,"column":58},"end":{"line":54,"column":1}},"line":46},"5":{"name":"(anonymous_5)","decl":{"start":{"line":56,"column":30},"end":{"line":56,"column":31}},"loc":{"start":{"line":56,"column":50},"end":{"line":58,"column":1}},"line":56},"6":{"name":"(anonymous_6)","decl":{"start":{"line":60,"column":32},"end":{"line":60,"column":33}},"loc":{"start":{"line":60,"column":52},"end":{"line":76,"column":1}},"line":60},"7":{"name":"(anonymous_7)","decl":{"start":{"line":63,"column":41},"end":{"line":63,"column":42}},"loc":{"start":{"line":63,"column":51},"end":{"line":63,"column":82}},"line":63},"8":{"name":"(anonymous_8)","decl":{"start":{"line":70,"column":20},"end":{"line":70,"column":21}},"loc":{"start":{"line":70,"column":31},"end":{"line":70,"column":66}},"line":70},"9":{"name":"(anonymous_9)","decl":{"start":{"line":78,"column":33},"end":{"line":78,"column":34}},"loc":{"start":{"line":78,"column":53},"end":{"line":87,"column":1}},"line":78},"10":{"name":"(anonymous_10)","decl":{"start":{"line":93,"column":2},"end":{"line":93,"column":3}},"loc":{"start":{"line":93,"column":28},"end":{"line":99,"column":3}},"line":93},"11":{"name":"(anonymous_11)","decl":{"start":{"line":106,"column":2},"end":{"line":106,"column":3}},"loc":{"start":{"line":106,"column":22},"end":{"line":112,"column":3}},"line":106},"12":{"name":"(anonymous_12)","decl":{"start":{"line":113,"column":2},"end":{"line":113,"column":3}},"loc":{"start":{"line":113,"column":29},"end":{"line":115,"column":3}},"line":113},"13":{"name":"(anonymous_13)","decl":{"start":{"line":118,"column":40},"end":{"line":118,"column":41}},"loc":{"start":{"line":118,"column":60},"end":{"line":122,"column":1}},"line":118},"14":{"name":"(anonymous_14)","decl":{"start":{"line":124,"column":32},"end":{"line":124,"column":33}},"loc":{"start":{"line":124,"column":52},"end":{"line":137,"column":1}},"line":124}},"branchMap":{"0":{"loc":{"start":{"line":65,"column":2},"end":{"line":67,"column":3}},"type":"if","locations":[{"start":{"line":65,"column":2},"end":{"line":67,"column":3}},{"start":{"line":65,"column":2},"end":{"line":67,"column":3}}],"line":65},"1":{"loc":{"start":{"line":94,"column":4},"end":{"line":96,"column":5}},"type":"if","locations":[{"start":{"line":94,"column":4},"end":{"line":96,"column":5}},{"start":{"line":94,"column":4},"end":{"line":96,"column":5}}],"line":94},"2":{"loc":{"start":{"line":128,"column":4},"end":{"line":130,"column":5}},"type":"if","locations":[{"start":{"line":128,"column":4},"end":{"line":130,"column":5}},{"start":{"line":128,"column":4},"end":{"line":130,"column":5}}],"line":128},"3":{"loc":{"start":{"line":128,"column":8},"end":{"line":128,"column":29}},"type":"binary-expr","locations":[{"start":{"line":128,"column":8},"end":{"line":128,"column":13}},{"start":{"line":128,"column":17},"end":{"line":128,"column":29}}],"line":128}},"s":{"0":2,"1":2,"2":2,"3":2,"4":2,"5":2,"6":2,"7":2,"8":1,"9":1,"10":1,"11":1,"12":1,"13":1,"14":0,"15":2,"16":2,"17":2,"18":1,"19":1,"20":1,"21":2,"22":0,"23":0,"24":0,"25":0,"26":0,"27":0,"28":2,"29":0,"30":0,"31":0,"32":0,"33":0,"34":2,"35":1,"36":2,"37":2,"38":2,"39":2,"40":2,"41":2,"42":1,"43":1,"44":1,"45":1,"46":1,"47":1,"48":0,"49":2,"50":1,"51":1,"52":1,"53":1,"54":0,"55":2,"56":1,"57":0,"58":1,"59":2,"60":1,"61":1,"62":1,"63":1,"64":1,"65":0,"66":2,"67":0,"68":0,"69":0,"70":2,"71":0,"72":0,"73":0,"74":0,"75":0,"76":0,"77":0,"78":2},"f":{"0":1,"1":2,"2":0,"3":0,"4":0,"5":1,"6":2,"7":2,"8":1,"9":1,"10":1,"11":1,"12":0,"13":0,"14":0},"b":{"0":[1,1],"1":[0,1],"2":[0,0],"3":[0,0]},"_coverageSchema":"1a1c01bbd47fc00a2c39e90264f33305004495a9","hash":"c3d04786cf5d83c7562f30f3e90a86ed0ab1564f"}
,"D:\\webprojects\\nodeJS-courses\\task-manager\\tests\\fixtures\\db.js": {"path":"D:\\webprojects\\nodeJS-courses\\task-manager\\tests\\fixtures\\db.js","statementMap":{"0":{"start":{"line":1,"column":12},"end":{"line":1,"column":35}},"1":{"start":{"line":2,"column":17},"end":{"line":2,"column":36}},"2":{"start":{"line":3,"column":13},"end":{"line":3,"column":45}},"3":{"start":{"line":4,"column":13},"end":{"line":4,"column":45}},"4":{"start":{"line":7,"column":18},"end":{"line":7,"column":47}},"5":{"start":{"line":8,"column":16},"end":{"line":18,"column":1}},"6":{"start":{"line":20,"column":18},"end":{"line":20,"column":47}},"7":{"start":{"line":21,"column":16},"end":{"line":31,"column":1}},"8":{"start":{"line":33,"column":16},"end":{"line":38,"column":1}},"9":{"start":{"line":40,"column":16},"end":{"line":45,"column":1}},"10":{"start":{"line":47,"column":18},"end":{"line":52,"column":1}},"11":{"start":{"line":54,"column":16},"end":{"line":62,"column":1}},"12":{"start":{"line":55,"column":4},"end":{"line":55,"column":28}},"13":{"start":{"line":56,"column":4},"end":{"line":56,"column":28}},"14":{"start":{"line":57,"column":4},"end":{"line":57,"column":35}},"15":{"start":{"line":58,"column":4},"end":{"line":58,"column":35}},"16":{"start":{"line":59,"column":4},"end":{"line":59,"column":35}},"17":{"start":{"line":60,"column":4},"end":{"line":60,"column":35}},"18":{"start":{"line":61,"column":4},"end":{"line":61,"column":37}},"19":{"start":{"line":64,"column":0},"end":{"line":73,"column":1}}},"fnMap":{"0":{"name":"(anonymous_0)","decl":{"start":{"line":54,"column":16},"end":{"line":54,"column":17}},"loc":{"start":{"line":54,"column":28},"end":{"line":62,"column":1}},"line":54}},"branchMap":{},"s":{"0":2,"1":2,"2":2,"3":2,"4":2,"5":2,"6":2,"7":2,"8":2,"9":2,"10":2,"11":2,"12":13,"13":13,"14":13,"15":13,"16":13,"17":13,"18":13,"19":2},"f":{"0":13},"b":{},"_coverageSchema":"1a1c01bbd47fc00a2c39e90264f33305004495a9","hash":"90ef2f06e4e1458cad627d1e1ca23531e9f96977"}
}
