TN:
SF:src\app.js
FNF:0
FNH:0
DA:1,2
DA:2,2
DA:3,2
DA:4,2
DA:6,2
DA:8,2
DA:9,2
DA:10,2
DA:12,2
LF:9
LH:9
BRF:0
BRH:0
end_of_record
TN:
SF:src\db\mongoose.js
FNF:0
FNH:0
DA:1,2
DA:3,2
LF:2
LH:2
BRF:0
BRH:0
end_of_record
TN:
SF:src\emails\account.js
FN:6,(anonymous_0)
FN:15,(anonymous_1)
FNF:2
FNH:2
FNDA:1,(anonymous_0)
FNDA:1,(anonymous_1)
DA:2,2
DA:4,2
DA:6,2
DA:7,1
DA:15,2
DA:16,1
DA:24,2
LF:7
LH:7
BRF:0
BRH:0
end_of_record
TN:
SF:src\middleware\auth.js
FN:4,(anonymous_0)
FNF:1
FNH:1
FNDA:10,(anonymous_0)
DA:1,2
DA:2,2
DA:4,2
DA:5,10
DA:6,10
DA:7,8
DA:8,8
DA:10,8
DA:11,0
DA:14,8
DA:15,8
DA:16,8
DA:18,2
DA:22,2
LF:14
LH:13
BRDA:10,0,0,0
BRDA:10,0,1,8
BRF:2
BRH:1
end_of_record
TN:
SF:src\models\task.js
FNF:0
FNH:0
DA:1,2
DA:3,2
DA:22,2
DA:24,2
LF:4
LH:4
BRF:0
BRH:0
end_of_record
TN:
SF:src\models\user.js
FN:19,(anonymous_0)
FN:30,(anonymous_1)
FN:39,(anonymous_2)
FN:64,(anonymous_3)
FN:75,(anonymous_4)
FN:85,(anonymous_5)
FN:102,(anonymous_6)
FN:113,(anonymous_7)
FNF:8
FNH:8
FNDA:31,(anonymous_0)
FNDA:31,(anonymous_1)
FNDA:30,(anonymous_2)
FNDA:5,(anonymous_3)
FNDA:2,(anonymous_4)
FNDA:2,(anonymous_5)
FNDA:31,(anonymous_6)
FNDA:1,(anonymous_7)
DA:1,2
DA:2,2
DA:3,2
DA:4,2
DA:5,2
DA:7,2
DA:20,31
DA:21,0
DA:31,31
DA:32,0
DA:40,30
DA:41,0
DA:58,2
DA:64,2
DA:65,5
DA:66,5
DA:68,5
DA:69,5
DA:70,5
DA:72,5
DA:75,2
DA:76,2
DA:77,2
DA:79,2
DA:80,2
DA:82,2
DA:85,2
DA:86,2
DA:88,2
DA:89,1
DA:92,1
DA:94,1
DA:95,0
DA:98,1
DA:102,2
DA:103,31
DA:105,31
DA:106,27
DA:109,31
DA:113,2
DA:114,1
DA:115,1
DA:116,1
DA:119,2
DA:121,2
LF:45
LH:41
BRDA:20,0,0,0
BRDA:20,0,1,31
BRDA:31,1,0,0
BRDA:31,1,1,31
BRDA:40,2,0,0
BRDA:40,2,1,30
BRDA:88,3,0,1
BRDA:88,3,1,1
BRDA:94,4,0,0
BRDA:94,4,1,1
BRDA:105,5,0,27
BRDA:105,5,1,4
BRF:12
BRH:8
end_of_record
TN:
SF:src\routers\task.js
FN:6,(anonymous_0)
FN:23,(anonymous_1)
FN:52,(anonymous_2)
FN:68,(anonymous_3)
FN:71,(anonymous_4)
FN:84,(anonymous_5)
FN:92,(anonymous_6)
FNF:7
FNH:3
FNDA:1,(anonymous_0)
FNDA:1,(anonymous_1)
FNDA:0,(anonymous_2)
FNDA:0,(anonymous_3)
FNDA:0,(anonymous_4)
FNDA:0,(anonymous_5)
FNDA:1,(anonymous_6)
DA:1,2
DA:2,2
DA:3,2
DA:4,2
DA:6,2
DA:7,1
DA:12,1
DA:13,1
DA:14,1
DA:16,0
DA:23,2
DA:24,1
DA:25,1
DA:27,1
DA:28,0
DA:31,1
DA:32,0
DA:33,0
DA:36,1
DA:37,1
DA:46,1
DA:48,0
DA:52,2
DA:53,0
DA:55,0
DA:56,0
DA:58,0
DA:59,0
DA:62,0
DA:64,0
DA:68,2
DA:69,0
DA:70,0
DA:71,0
DA:73,0
DA:74,0
DA:77,0
DA:78,0
DA:80,0
DA:81,0
DA:84,0
DA:85,0
DA:86,0
DA:88,0
DA:92,2
DA:93,1
DA:94,1
DA:96,1
DA:97,1
DA:100,1
DA:102,1
DA:106,2
LF:52
LH:27
BRDA:27,0,0,0
BRDA:27,0,1,1
BRDA:31,1,0,0
BRDA:31,1,1,1
BRDA:33,2,0,0
BRDA:33,2,1,0
BRDA:58,3,0,0
BRDA:58,3,1,0
BRDA:73,4,0,0
BRDA:73,4,1,0
BRDA:80,5,0,0
BRDA:80,5,1,0
BRDA:96,6,0,1
BRDA:96,6,1,0
BRF:14
BRH:3
end_of_record
TN:
SF:src\routers\user.js
FN:9,(anonymous_0)
FN:23,(anonymous_1)
FN:33,(anonymous_2)
FN:35,(anonymous_3)
FN:46,(anonymous_4)
FN:56,(anonymous_5)
FN:60,(anonymous_6)
FN:63,(anonymous_7)
FN:70,(anonymous_8)
FN:78,(anonymous_9)
FN:93,(anonymous_10)
FN:106,(anonymous_11)
FN:113,(anonymous_12)
FN:118,(anonymous_13)
FN:124,(anonymous_14)
FNF:15
FNH:9
FNDA:1,(anonymous_0)
FNDA:2,(anonymous_1)
FNDA:0,(anonymous_2)
FNDA:0,(anonymous_3)
FNDA:0,(anonymous_4)
FNDA:1,(anonymous_5)
FNDA:2,(anonymous_6)
FNDA:2,(anonymous_7)
FNDA:1,(anonymous_8)
FNDA:1,(anonymous_9)
FNDA:1,(anonymous_10)
FNDA:1,(anonymous_11)
FNDA:0,(anonymous_12)
FNDA:0,(anonymous_13)
FNDA:0,(anonymous_14)
DA:1,2
DA:2,2
DA:3,2
DA:4,2
DA:5,2
DA:6,2
DA:7,2
DA:9,2
DA:10,1
DA:11,1
DA:12,1
DA:14,1
DA:16,1
DA:17,1
DA:19,0
DA:23,2
DA:24,2
DA:25,2
DA:26,1
DA:27,1
DA:29,1
DA:33,2
DA:34,0
DA:35,0
DA:36,0
DA:38,0
DA:40,0
DA:42,0
DA:46,2
DA:47,0
DA:48,0
DA:49,0
DA:50,0
DA:52,0
DA:56,2
DA:57,1
DA:60,2
DA:61,2
DA:62,2
DA:63,2
DA:65,2
DA:66,1
DA:69,1
DA:70,1
DA:71,1
DA:72,1
DA:74,0
DA:78,2
DA:79,1
DA:80,1
DA:81,1
DA:83,1
DA:85,0
DA:89,2
DA:94,1
DA:95,0
DA:98,1
DA:102,2
DA:107,1
DA:108,1
DA:109,1
DA:110,1
DA:111,1
DA:114,0
DA:118,2
DA:119,0
DA:120,0
DA:121,0
DA:124,2
DA:125,0
DA:126,0
DA:128,0
DA:129,0
DA:132,0
DA:133,0
DA:135,0
DA:139,2
LF:77
LH:51
BRDA:65,0,0,1
BRDA:65,0,1,1
BRDA:94,1,0,0
BRDA:94,1,1,1
BRDA:128,2,0,0
BRDA:128,2,1,0
BRDA:128,3,0,0
BRDA:128,3,1,0
BRF:8
BRH:3
end_of_record
TN:
SF:tests\fixtures\db.js
FN:54,(anonymous_0)
FNF:1
FNH:1
FNDA:13,(anonymous_0)
DA:1,2
DA:2,2
DA:3,2
DA:4,2
DA:7,2
DA:8,2
DA:20,2
DA:21,2
DA:33,2
DA:40,2
DA:47,2
DA:54,2
DA:55,13
DA:56,13
DA:57,13
DA:58,13
DA:59,13
DA:60,13
DA:61,13
DA:64,2
LF:20
LH:20
BRF:0
BRH:0
end_of_record
